<?xml version="1.0" encoding="UTF-8"?>
<!-- Generated by org.testng.reporters.JUnitXMLReporter -->
<testsuite hostname="7eleven1-PC" name="test1" tests="3" failures="2" timestamp="9 Jul 2015 10:22:46 GMT" time="0.064" errors="0">
  <testcase name="testingExitMessage" time="0.025" classname="priya.grouptest">
    <failure type="java.lang.AssertionError" message="expected [www.com] but found [www7Eleven.com]">
      <![CDATA[java.lang.AssertionError: expected [www.com] but found [www7Eleven.com]
	at priya.grouptest.testingExitMessage(grouptest.java:35)
... Removed 29 stack frames]]>
    </failure>
  </testcase> <!-- testingExitMessage -->
  <testcase name="testprintmessage" time="0.008" classname="priya.grouptest">
    <failure type="java.lang.AssertionError" message="expected [www.com] but found [.com]">
      <![CDATA[java.lang.AssertionError: expected [www.com] but found [.com]
	at priya.grouptest.testprintmessage(grouptest.java:19)
... Removed 29 stack frames]]>
    </failure>
  </testcase> <!-- testprintmessage -->
  <testcase name="testsaluatationmessage" time="0.001" classname="priya.grouptest"/>
</testsuite> <!-- test1 -->
